2025/04/14 16:51:25 INFO  : new2/new/20250411_134655.dat: Deleted
2025/04/14 16:51:25 INFO  : new2/new/20250411_135540.dat: Deleted
2025/04/14 16:51:25 INFO  : new2/new/SW/parallel-bucket-dump-2.1.5.jar: Deleted
2025/04/14 16:51:25 INFO  : new2/new/20250411_134611.dat: Deleted
2025/04/14 16:51:25 INFO  : new2/new/20250411_134845.dat: Deleted
2025/04/14 16:51:25 INFO  : new2/new/20250411_135517.dat: Deleted
2025/04/14 16:51:25 INFO  : new2/new/20250411_135924.dat: Deleted
2025/04/14 16:51:25 INFO  : new2/new/20250411_135033.dat: Deleted
2025/04/14 16:51:25 INFO  : new2/new/20250411_135632.dat: Deleted
2025/04/14 16:51:25 INFO  : new2/new/20250411_134508.dat: Deleted
2025/04/14 16:51:25 INFO  : new2/new/20250411_134911.dat: Deleted
2025/04/14 16:51:25 INFO  : new2/new/20250411_135003.dat: Deleted
2025/04/14 16:51:25 INFO  : new2/new/20250411_135810.dat: Deleted
2025/04/14 16:51:25 INFO  : new2/new/20250411_135744.dat: Deleted
2025/04/14 16:51:25 INFO  : new2/new/20250411_141223.dat: Deleted
2025/04/14 16:51:25 INFO  : new/SW/MobaXterm_Installer_v23.3/MobaXterm_installer.dat: Deleted
2025/04/14 16:51:25 INFO  : new2/new/20250411_134650.dat: Deleted
2025/04/14 16:51:25 INFO  : new2/new/20250411_134920.dat: Deleted
2025/04/14 16:51:25 INFO  : new2/new/20250411_135828.dat: Deleted
2025/04/14 16:51:25 INFO  : new2/new/20250411_141201.dat: Deleted
2025/04/14 16:51:25 INFO  : new/SW/MobaXterm_Installer_v23.3/MobaXterm_installer_23.3.msi: Deleted
2025/04/14 16:51:25 INFO  : new2/new/20250411_135929.dat: Deleted
2025/04/14 16:51:25 INFO  : new2/new/SW/MobaXterm_Installer_v23.3/MobaXterm_installer.dat: Deleted
2025/04/14 16:51:25 INFO  : new2/new/20250411_134827.dat: Deleted
2025/04/14 16:51:25 INFO  : new2/new/20250411_135845.dat: Deleted
2025/04/14 16:51:25 INFO  : new2/new/20250411_135241.dat: Deleted
2025/04/14 16:51:25 INFO  : new2/new/20250411_140912.dat: Deleted
2025/04/14 16:51:25 INFO  : new2/new/20250411_141114.dat: Deleted
2025/04/14 16:51:25 INFO  : new2/new/20250411_135224.dat: Deleted
2025/04/14 16:51:25 INFO  : new2/new/20250411_135907.dat: Deleted
2025/04/14 16:51:25 INFO  : new2/new/20250411_135732.dat: Deleted
2025/04/14 16:51:25 INFO  : new2/new/20250411_135320.dat: Deleted
2025/04/14 16:51:25 INFO  : new2/new/20250411_134849.dat: Deleted
2025/04/14 16:51:25 INFO  : new2/new/20250411_134503.dat: Deleted
2025/04/14 16:51:25 INFO  : new2/new/20250411_135346.dat: Deleted
2025/04/14 16:51:25 INFO  : new2/new/20250411_135029.dat: Deleted
2025/04/14 16:51:25 INFO  : new2/new/20250411_141140.dat: Deleted
2025/04/14 16:51:25 INFO  : new2/new/20250411_135413.dat: Deleted
2025/04/14 16:51:25 INFO  : new2/new/20250411_135619.dat: Deleted
2025/04/14 16:51:25 INFO  : new2/new/20250411_135115.dat: Deleted
2025/04/14 16:51:25 INFO  : new2/new/20250411_135833.dat: Deleted
2025/04/14 16:51:25 INFO  : new2/new/20250411_141231.dat: Deleted
2025/04/14 16:51:25 INFO  : new2/new/20250411_134836.dat: Deleted
2025/04/14 16:51:25 INFO  : new2/new/20250411_134446.dat: Deleted
2025/04/14 16:51:25 INFO  : new2/new/20250411_135154.dat: Deleted
2025/04/14 16:51:25 INFO  : new2/new/20250411_134547.dat: Deleted
2025/04/14 16:51:25 INFO  : new2/new/20250411_135854.dat: Deleted
2025/04/14 16:51:25 INFO  : new2/new/20250411_134823.dat: Deleted
2025/04/14 16:51:25 INFO  : new2/new/new/20240722_144545.dat: Deleted
2025/04/14 16:51:25 INFO  : new2/new/20250411_134552.dat: Deleted
2025/04/14 16:51:25 INFO  : new2/new/20250411_134744.dat: Deleted
2025/04/14 16:51:25 INFO  : new2/new/20250411_135850.dat: Deleted
2025/04/14 16:51:25 INFO  : new2/new/20250411_135640.dat: Deleted
2025/04/14 16:51:25 INFO  : new2/new/20250411_134748.dat: Deleted
2025/04/14 16:51:25 INFO  : new2/new/20250411_135220.dat: Deleted
2025/04/14 16:51:25 INFO  : new2/new/20250411_135509.dat: Deleted
2025/04/14 16:51:25 INFO  : new2/new/20250411_135611.dat: Deleted
2025/04/14 16:51:25 INFO  : new2/new/20250411_134633.dat: Deleted
2025/04/14 16:51:25 INFO  : new2/new/20250411_134638.dat: Deleted
2025/04/14 16:51:25 INFO  : new2/new/20250411_134459.dat: Deleted
2025/04/14 16:51:25 INFO  : new2/new/20250411_134831.dat: Deleted
2025/04/14 16:51:25 INFO  : new2/new/20250411_134616.dat: Deleted
2025/04/14 16:51:25 INFO  : new2/new/20250411_135329.dat: Deleted
2025/04/14 16:51:25 INFO  : new2/new/20250411_135128.dat: Deleted
2025/04/14 16:51:25 INFO  : new2/new/20250411_135228.dat: Deleted
2025/04/14 16:51:25 INFO  : new2/new/20250411_135649.dat: Deleted
2025/04/14 16:51:25 INFO  : new2/new/20250411_135058.dat: Deleted
2025/04/14 16:51:25 INFO  : new2/new/20250411_134945.dat: Deleted
2025/04/14 16:51:25 INFO  : new2/new/20250411_135408.dat: Deleted
2025/04/14 16:51:25 INFO  : new2/new/20250411_141135.dat: Deleted
2025/04/14 16:51:25 INFO  : new2/new/20250411_135258.dat: Deleted
2025/04/14 16:51:25 INFO  : new2/new/20250411_135150.dat: Deleted
2025/04/14 16:51:25 INFO  : new2/new/20250411_140926.dat: Deleted
2025/04/14 16:51:25 INFO  : new2/new/SW/WinSCP-5.17.10-Setup.exe: Deleted
2025/04/14 16:51:25 INFO  : new2/new/SW/WinSCP-6.1.2-Setup.exe: Deleted
2025/04/14 16:51:25 INFO  : new2/new/20250411_141036.dat: Deleted
2025/04/14 16:51:25 INFO  : new2/new/new/20240727_202850.dat: Deleted
2025/04/14 16:51:25 INFO  : new2/new/20250411_141123.dat: Deleted
2025/04/14 16:51:25 INFO  : new2/new/20250411_141210.dat: Deleted
2025/04/14 16:51:25 INFO  : new2/new/20250411_134538.dat: Deleted
2025/04/14 16:51:25 INFO  : new2/new/20250411_135158.dat: Deleted
2025/04/14 16:51:25 INFO  : new2/new/20250411_135350.dat: Deleted
2025/04/14 16:51:25 INFO  : new2/new/20250411_140956.dat: Deleted
2025/04/14 16:51:25 INFO  : new2/new/20250411_135749.dat: Deleted
2025/04/14 16:51:25 INFO  : new2/new/20250411_135434.dat: Deleted
2025/04/14 16:51:25 INFO  : new2/new/20250411_135723.dat: Deleted
2025/04/14 16:51:25 INFO  : new2/new/20250411_141040.dat: Deleted
2025/04/14 16:51:25 INFO  : new2/new/20250411_135447.dat: Deleted
2025/04/14 16:51:25 INFO  : new2/new/20250411_140934.dat: Deleted
2025/04/14 16:51:25 INFO  : new2/new/20250411_135451.dat: Deleted
2025/04/14 16:51:25 INFO  : new2/new/20250411_135438.dat: Deleted
2025/04/14 16:51:25 INFO  : new2/new/20250411_135942.dat: Deleted
2025/04/14 16:51:25 INFO  : new2/new/20250411_134801.dat: Deleted
2025/04/14 16:51:25 INFO  : new2/new/20250411_135443.dat: Deleted
2025/04/14 16:51:25 INFO  : new2/new/20250411_135544.dat: Deleted
2025/04/14 16:51:25 INFO  : new2/new/20250411_134451.dat: Deleted
2025/04/14 16:51:25 INFO  : new2/new/20250411_135303.dat: Deleted
2025/04/14 16:51:25 INFO  : new2/new/20250411_134818.dat: Deleted
2025/04/14 16:51:25 INFO  : new2/new/20250411_135111.dat: Deleted
2025/04/14 16:51:25 INFO  : new2/new/20250411_135141.dat: Deleted
2025/04/14 16:51:25 INFO  : new2/new/20250411_141131.dat: Deleted
2025/04/14 16:51:25 INFO  : new2/new/20250411_140930.dat: Deleted
2025/04/14 16:51:25 INFO  : new2/new/20250411_141031.dat: Deleted
2025/04/14 16:51:25 INFO  : new2/new/20250411_135841.dat: Deleted
2025/04/14 16:51:25 INFO  : new2/new/20250411_141127.dat: Deleted
2025/04/14 16:51:25 INFO  : new2/new/20250411_134933.dat: Deleted
2025/04/14 16:51:25 INFO  : new2/new/20250411_135500.dat: Deleted
2025/04/14 16:51:25 INFO  : new2/new/20250411_135819.dat: Deleted
2025/04/14 16:51:25 INFO  : new2/new/new/20240727_202838.dat: Deleted
2025/04/14 16:51:25 INFO  : new2/new/20250411_134529.dat: Deleted
2025/04/14 16:51:25 INFO  : new2/new/20250411_134557.dat: Deleted
2025/04/14 16:51:25 INFO  : new2/new/20250411_135657.dat: Deleted
2025/04/14 16:51:25 INFO  : new2/new/20250411_135011.dat: Deleted
2025/04/14 16:51:25 INFO  : new2/new/20250411_134906.dat: Deleted
2025/04/14 16:51:25 INFO  : new2/new/20250411_135137.dat: Deleted
2025/04/14 16:51:25 INFO  : new2/new/20250411_135237.dat: Deleted
2025/04/14 16:51:25 INFO  : new2/new/20250411_135938.dat: Deleted
2025/04/14 16:51:25 INFO  : new2/new/20250411_135753.dat: Deleted
2025/04/14 16:51:25 INFO  : new2/new/new/20240722_150233.dat: Deleted
2025/04/14 16:51:25 INFO  : new2/new/20250411_135037.dat: Deleted
2025/04/14 16:51:25 INFO  : new2/new/20250411_135145.dat: Deleted
2025/04/14 16:51:25 INFO  : new2/new/20250411_141227.dat: Deleted
2025/04/14 16:51:25 INFO  : new2/new/20250411_134533.dat: Deleted
2025/04/14 16:51:25 INFO  : new2/new/20250411_135535.dat: Deleted
2025/04/14 16:51:25 INFO  : new2/new/20250411_135254.dat: Deleted
2025/04/14 16:51:25 INFO  : new2/new/20250411_134840.dat: Deleted
2025/04/14 16:51:25 INFO  : new2/new/20250411_135719.dat: Deleted
2025/04/14 16:51:25 INFO  : new2/new/SW/MobaXterm_Installer_v23.3/MobaXterm_installer_23.3.msi: Deleted
2025/04/14 16:51:25 INFO  : new2/new/20250411_135947.dat: Deleted
2025/04/14 16:51:25 INFO  : new2/new/20250411_134521.dat: Deleted
2025/04/14 16:51:25 INFO  : new2/new/20250411_135211.dat: Deleted
2025/04/14 16:51:25 INFO  : new2/new/20250411_135636.dat: Deleted
2025/04/14 16:51:25 INFO  : new2/new/20250411_134542.dat: Deleted
2025/04/14 16:51:25 INFO  : new2/new/20250411_135024.dat: Deleted
2025/04/14 16:51:25 INFO  : new2/new/20250411_135324.dat: Deleted
2025/04/14 16:51:25 INFO  : new2/new/20250411_135341.dat: Deleted
2025/04/14 16:51:25 INFO  : new2/new/20250411_135404.dat: Deleted
2025/04/14 16:51:25 INFO  : new2/new/new/20240722_144557.dat: Deleted
2025/04/14 16:51:25 INFO  : new2/new/20250411_135615.dat: Deleted
2025/04/14 16:51:25 INFO  : new2/new/20250411_141218.dat: Deleted
2025/04/14 16:51:25 INFO  : new2/new/SW/npp.8.5.7.Installer.x64.exe: Deleted
2025/04/14 16:51:25 INFO  : new2/new/20250411_135513.dat: Deleted
2025/04/14 16:51:25 INFO  : new2/new/20250411_134937.dat: Deleted
2025/04/14 16:51:25 INFO  : new2/new/20250411_135606.dat: Deleted
2025/04/14 16:51:25 INFO  : new2/new/20250411_135628.dat: Deleted
2025/04/14 16:51:25 INFO  : new2/new/20250411_135041.dat: Deleted
2025/04/14 16:51:25 INFO  : new2/new/20250411_135920.dat: Deleted
2025/04/14 16:51:25 INFO  : new2/new/20250411_134721.dat: Deleted
2025/04/14 16:51:25 INFO  : new2/new/20250411_135456.dat: Deleted
2025/04/14 16:51:25 INFO  : new2/new/20250411_134757.dat: Deleted
2025/04/14 16:51:25 INFO  : new2/new/20250411_134902.dat: Deleted
2025/04/14 16:51:25 INFO  : new2/new/20250411_134736.dat: Deleted
2025/04/14 16:51:25 INFO  : new2/new/20250411_141148.dat: Deleted
2025/04/14 16:51:25 INFO  : new2/new/20250411_135526.dat: Deleted
2025/04/14 16:51:25 INFO  : new2/new/20250411_141214.dat: Deleted
2025/04/14 16:51:25 INFO  : new2/new/20250411_134740.dat: Deleted
2025/04/14 16:51:25 INFO  : new2/new/20250411_135016.dat: Deleted
2025/04/14 16:51:25 INFO  : new2/new/20250411_135232.dat: Deleted
2025/04/14 16:51:25 INFO  : new2/new/20250411_135054.dat: Deleted
2025/04/14 16:51:25 INFO  : new2/new/20250411_135103.dat: Deleted
2025/04/14 16:51:25 INFO  : new2/new/20250411_135333.dat: Deleted
2025/04/14 16:51:25 INFO  : new2/new/20250411_134704.dat: Deleted
2025/04/14 16:51:25 INFO  : new2/new/20250411_135727.dat: Deleted
2025/04/14 16:51:25 INFO  : new2/new/20250411_135132.dat: Deleted
2025/04/14 16:51:25 INFO  : new2/new/20250411_135250.dat: Deleted
2025/04/14 16:51:25 INFO  : new2/new/20250411_135814.dat: Deleted
2025/04/14 16:51:25 INFO  : new2/new/20250411_140000.dat: Deleted
2025/04/14 16:51:25 INFO  : new2/new/20250411_141110.dat: Deleted
2025/04/14 16:51:25 INFO  : new2/new/20250411_141152.dat: Deleted
2025/04/14 16:51:25 INFO  : new2/new/new/20240722_144534.dat: Deleted
2025/04/14 16:51:25 INFO  : new2/new/20250411_134602.dat: Deleted
2025/04/14 16:51:25 INFO  : new2/new/20250411_134659.dat: Deleted
2025/04/14 16:51:25 INFO  : new2/new/20250411_134642.dat: Deleted
2025/04/14 16:51:25 INFO  : new2/new/20250411_134924.dat: Deleted
2025/04/14 16:51:25 INFO  : new2/new/20250411_135430.dat: Deleted
2025/04/14 16:51:25 INFO  : new2/new/20250411_135107.dat: Deleted
2025/04/14 16:51:25 INFO  : new2/new/20250411_140921.dat: Deleted
2025/04/14 16:51:25 INFO  : new2/new/20250411_134646.dat: Deleted
2025/04/14 16:51:25 INFO  : new2/new/20250411_141118.dat: Deleted
2025/04/14 16:51:25 INFO  : new2/new/20250411_134708.dat: Deleted
2025/04/14 16:51:25 INFO  : new2/new/20250411_134805.dat: Deleted
2025/04/14 16:51:25 INFO  : new2/new/20250411_135757.dat: Deleted
2025/04/14 16:51:25 INFO  : new2/new/20250411_135553.dat: Deleted
2025/04/14 16:51:25 INFO  : new2/new/20250411_141009.dat: Deleted
2025/04/14 16:51:25 INFO  : new2/new/20250411_141205.dat: Deleted
2025/04/14 16:51:25 INFO  : new2/new/20250411_134753.dat: Deleted
2025/04/14 16:51:25 INFO  : new2/new/new/20240722_150256.dat: Deleted
2025/04/14 16:51:25 INFO  : new2/new/20250411_135623.dat: Deleted
2025/04/14 16:51:25 INFO  : new2/new/20250411_134950.dat: Deleted
2025/04/14 16:51:25 INFO  : new2/new/20250411_135706.dat: Deleted
2025/04/14 16:51:25 INFO  : new2/new/20250411_135824.dat: Deleted
2025/04/14 16:51:25 INFO  : new2/new/20250411_135933.dat: Deleted
2025/04/14 16:51:25 INFO  : new2/new/20250411_141000.dat: Deleted
2025/04/14 16:51:25 INFO  : new2/new/20250411_134629.dat: Deleted
2025/04/14 16:51:25 INFO  : new2/new/20250411_134607.dat: Deleted
2025/04/14 16:51:25 INFO  : new2/new/20250411_135307.dat: Deleted
2025/04/14 16:51:25 INFO  : new2/new/20250411_134525.dat: Deleted
2025/04/14 16:51:25 INFO  : new2/new/20250411_135316.dat: Deleted
2025/04/14 16:51:25 INFO  : new2/new/20250411_135702.dat: Deleted
2025/04/14 16:51:25 INFO  : new2/new/20250411_141101.dat: Deleted
2025/04/14 16:51:25 INFO  : new2/new/20250411_141044.dat: Deleted
2025/04/14 16:51:25 INFO  : new2/new/20250411_135911.dat: Deleted
2025/04/14 16:51:25 INFO  : new2/new/20250411_134731.dat: Deleted
2025/04/14 16:51:25 INFO  : new2/new/20250411_135504.dat: Deleted
2025/04/14 16:51:25 INFO  : new2/new/20250411_135417.dat: Deleted
2025/04/14 16:51:25 INFO  : new2/new/20250411_140952.dat: Deleted
2025/04/14 16:51:25 INFO  : new2/new/20250411_141023.dat: Deleted
2025/04/14 16:51:25 INFO  : new2/new/20250411_134516.dat: Deleted
2025/04/14 16:51:25 INFO  : new2/new/20250411_134941.dat: Deleted
2025/04/14 16:51:25 INFO  : new2/new/20250411_140938.dat: Deleted
2025/04/14 16:51:25 INFO  : new2/new/20250411_134928.dat: Deleted
2025/04/14 16:51:25 INFO  : new2/new/20250411_141106.dat: Deleted
2025/04/14 16:51:25 INFO  : new2/new/20250411_135522.dat: Deleted
2025/04/14 16:51:25 INFO  : new2/new/20250411_141013.dat: Deleted
2025/04/14 16:51:25 INFO  : new2/new/20250411_141048.dat: Deleted
2025/04/14 16:51:25 INFO  : new2/new/SW/MobaXterm_Portable_v23.1.zip: Deleted
2025/04/14 16:51:25 INFO  : new2/new/20250411_135653.dat: Deleted
2025/04/14 16:51:25 INFO  : new2/new/20250411_134958.dat: Deleted
2025/04/14 16:51:25 INFO  : new2/new/20250411_135337.dat: Deleted
2025/04/14 16:51:25 INFO  : new2/new/20250411_135602.dat: Deleted
2025/04/14 16:51:25 INFO  : new2/new/20250411_135714.dat: Deleted
2025/04/14 16:51:25 INFO  : new2/new/20250411_140917.dat: Deleted
2025/04/14 16:51:25 INFO  : new2/new/20250411_140947.dat: Deleted
2025/04/14 16:51:25 INFO  : new2/new/20250411_141057.dat: Deleted
2025/04/14 16:51:25 INFO  : new2/new/20250411_134954.dat: Deleted
2025/04/14 16:51:25 INFO  : new2/new/20250411_135354.dat: Deleted
2025/04/14 16:51:25 INFO  : new2/new/20250411_135837.dat: Deleted
2025/04/14 16:51:25 INFO  : new2/new/20250411_141018.dat: Deleted
2025/04/14 16:51:25 INFO  : new2/new/20250411_141157.dat: Deleted
2025/04/14 16:51:25 INFO  : new2/new/20250411_141235.dat: Deleted
2025/04/14 16:51:25 INFO  : new2/new/20250411_134455.dat: Deleted
2025/04/14 16:51:25 INFO  : new2/new/20250411_135421.dat: Deleted
2025/04/14 16:51:25 INFO  : new2/new/20250411_135120.dat: Deleted
2025/04/14 16:51:25 INFO  : new2/new/20250411_135956.dat: Deleted
2025/04/14 16:51:25 INFO  : new2/new/20250411_135645.dat: Deleted
2025/04/14 16:51:25 INFO  : new2/new/20250411_134625.dat: Deleted
2025/04/14 16:51:25 INFO  : new2/new/20250411_135801.dat: Deleted
2025/04/14 16:51:25 INFO  : new2/new/20250411_135952.dat: Deleted
2025/04/14 16:51:25 INFO  : new2/new/20250411_135202.dat: Deleted
2025/04/14 16:51:25 INFO  : new2/new/20250411_134814.dat: Deleted
2025/04/14 16:51:25 INFO  : new2/new/20250411_135531.dat: Deleted
2025/04/14 16:51:25 INFO  : new2/new/20250411_135007.dat: Deleted
2025/04/14 16:51:25 INFO  : new2/new/20250411_134716.dat: Deleted
2025/04/14 16:51:25 INFO  : new2/new/20250411_134853.dat: Deleted
2025/04/14 16:51:25 INFO  : new2/new/20250411_135740.dat: Deleted
2025/04/14 16:51:25 INFO  : new2/new/20250411_135858.dat: Deleted
2025/04/14 16:51:25 INFO  : new2/new/20250411_135124.dat: Deleted
2025/04/14 16:51:25 INFO  : new2/new/20250411_135207.dat: Deleted
2025/04/14 16:51:25 INFO  : new2/new/20250411_141005.dat: Deleted
2025/04/14 16:51:25 INFO  : new2/new/new/20240722_150307.dat: Deleted
2025/04/14 16:51:25 INFO  : new2/new/20250411_141053.dat: Deleted
2025/04/14 16:51:25 INFO  : new2/new/20250411_134712.dat: Deleted
2025/04/14 16:51:25 INFO  : new2/new/20250411_135215.dat: Deleted
2025/04/14 16:51:25 INFO  : new2/new/20250411_134915.dat: Deleted
2025/04/14 16:51:25 INFO  : new2/new/20250411_135359.dat: Deleted
2025/04/14 16:51:25 INFO  : new2/new/20250411_135046.dat: Deleted
2025/04/14 16:51:25 INFO  : new2/new/20250411_141240.dat: Deleted
2025/04/14 16:51:25 INFO  : new2/new/20250411_135020.dat: Deleted
2025/04/14 16:51:25 INFO  : new2/new/20250411_134512.dat: Deleted
2025/04/14 16:51:25 INFO  : new2/new/20250411_134858.dat: Deleted
2025/04/14 16:51:25 INFO  : new2/new/new/20240727_212401.dat: Deleted
2025/04/14 16:51:25 INFO  : new2/new/20250411_135736.dat: Deleted
2025/04/14 16:51:25 INFO  : new2/new/20250411_135903.dat: Deleted
2025/04/14 16:51:25 INFO  : new2/new/20250411_135426.dat: Deleted
2025/04/14 16:51:25 INFO  : new2/new/20250411_135557.dat: Deleted
2025/04/14 16:51:25 INFO  : new2/new/20250411_135311.dat: Deleted
2025/04/14 16:51:25 INFO  : new2/new/20250411_135916.dat: Deleted
2025/04/14 16:51:25 INFO  : new2/new/20250411_135710.dat: Deleted
2025/04/14 16:51:25 INFO  : new2/new/SW/mailx-12.5-19.el7.x86_64.rpm: Deleted
2025/04/14 16:51:25 INFO  : new2/new/20250411_140943.dat: Deleted
2025/04/14 16:51:25 INFO  : new2/new/20250411_135548.dat: Deleted
2025/04/14 16:51:25 INFO  : new2/new/20250411_134620.dat: Deleted
2025/04/14 16:51:25 INFO  : new2/new/20250411_135245.dat: Deleted
2025/04/14 16:51:25 INFO  : new2/new/20250411_134726.dat: Deleted
2025/04/14 16:51:25 INFO  : new2/new/20250411_134810.dat: Deleted
2025/04/14 16:51:25 INFO  : new2/new/20250411_135050.dat: Deleted
2025/04/14 16:51:25 INFO  : new2/new/20250411_135806.dat: Deleted
2025/04/14 16:51:25 INFO  : new2/new/20250411_141027.dat: Deleted
2025/04/14 16:51:25 INFO  : new2/new/20250411_141144.dat: Deleted
2025/04/14 16:51:25 INFO  : There was nothing to transfer
2025/04/14 16:51:25 INFO  : 
Transferred:   	          0 B / 0 B, -, 0 B/s, ETA -
Checks:              1615 / 1615, 100%
Deleted:              279 (files), 0 (dirs), 2.740 GiB (freed)
Elapsed time:         1.1s

