2025/04/14 14:34:26 ERROR : S3 bucket rndk0-prod-001-strg: error reading destination root directory: operation error S3: ListObjects, exceeded maximum number of attempts, 10, https response error StatusCode: 0, RequestID: , HostID: , request send failed, Get "https://ecs.intesasanpaolo.com:9021/rndk0-prod-001-strg?delimiter=%2F&max-keys=1000&prefix=": URLBlocked
2025/04/14 14:34:26 ERROR : S3 bucket rndk0-prod-001-strg: not deleting files as there were IO errors
2025/04/14 14:34:26 ERROR : S3 bucket rndk0-prod-001-strg: not deleting directories as there were IO errors
2025/04/14 14:34:26 ERROR : Attempt 1/10 failed with 1 errors and: operation error S3: ListObjects, exceeded maximum number of attempts, 10, https response error StatusCode: 0, RequestID: , HostID: , request send failed, Get "https://ecs.intesasanpaolo.com:9021/rndk0-prod-001-strg?delimiter=%2F&max-keys=1000&prefix=": URLBlocked
2025/04/14 14:36:17 ERROR : S3 bucket rndk0-prod-001-strg: error reading destination root directory: operation error S3: ListObjects, exceeded maximum number of attempts, 10, https response error StatusCode: 0, RequestID: , HostID: , request send failed, Get "https://ecs.intesasanpaolo.com:9021/rndk0-prod-001-strg?delimiter=%2F&max-keys=1000&prefix=": URLBlocked
2025/04/14 14:36:17 ERROR : S3 bucket rndk0-prod-001-strg: not deleting files as there were IO errors
2025/04/14 14:36:17 ERROR : S3 bucket rndk0-prod-001-strg: not deleting directories as there were IO errors
2025/04/14 14:36:17 ERROR : Attempt 2/10 failed with 1 errors and: operation error S3: ListObjects, exceeded maximum number of attempts, 10, https response error StatusCode: 0, RequestID: , HostID: , request send failed, Get "https://ecs.intesasanpaolo.com:9021/rndk0-prod-001-strg?delimiter=%2F&max-keys=1000&prefix=": URLBlocked
2025/04/14 14:38:17 ERROR : S3 bucket rndk0-prod-001-strg: error reading destination root directory: operation error S3: ListObjects, exceeded maximum number of attempts, 10, https response error StatusCode: 0, RequestID: , HostID: , request send failed, Get "https://ecs.intesasanpaolo.com:9021/rndk0-prod-001-strg?delimiter=%2F&max-keys=1000&prefix=": URLBlocked
2025/04/14 14:38:17 ERROR : S3 bucket rndk0-prod-001-strg: not deleting files as there were IO errors
2025/04/14 14:38:17 ERROR : S3 bucket rndk0-prod-001-strg: not deleting directories as there were IO errors
2025/04/14 14:38:17 ERROR : Attempt 3/10 failed with 1 errors and: operation error S3: ListObjects, exceeded maximum number of attempts, 10, https response error StatusCode: 0, RequestID: , HostID: , request send failed, Get "https://ecs.intesasanpaolo.com:9021/rndk0-prod-001-strg?delimiter=%2F&max-keys=1000&prefix=": URLBlocked
2025/04/14 14:40:09 ERROR : S3 bucket rndk0-prod-001-strg: error reading destination root directory: operation error S3: ListObjects, exceeded maximum number of attempts, 10, https response error StatusCode: 0, RequestID: , HostID: , request send failed, Get "https://ecs.intesasanpaolo.com:9021/rndk0-prod-001-strg?delimiter=%2F&max-keys=1000&prefix=": URLBlocked
2025/04/14 14:40:09 ERROR : S3 bucket rndk0-prod-001-strg: not deleting files as there were IO errors
2025/04/14 14:40:09 ERROR : S3 bucket rndk0-prod-001-strg: not deleting directories as there were IO errors
2025/04/14 14:40:09 ERROR : Attempt 4/10 failed with 1 errors and: operation error S3: ListObjects, exceeded maximum number of attempts, 10, https response error StatusCode: 0, RequestID: , HostID: , request send failed, Get "https://ecs.intesasanpaolo.com:9021/rndk0-prod-001-strg?delimiter=%2F&max-keys=1000&prefix=": URLBlocked
2025/04/14 14:42:10 ERROR : S3 bucket rndk0-prod-001-strg: error reading destination root directory: operation error S3: ListObjects, exceeded maximum number of attempts, 10, https response error StatusCode: 0, RequestID: , HostID: , request send failed, Get "https://ecs.intesasanpaolo.com:9021/rndk0-prod-001-strg?delimiter=%2F&max-keys=1000&prefix=": URLBlocked
2025/04/14 14:42:10 ERROR : S3 bucket rndk0-prod-001-strg: not deleting files as there were IO errors
2025/04/14 14:42:10 ERROR : S3 bucket rndk0-prod-001-strg: not deleting directories as there were IO errors
2025/04/14 14:42:10 ERROR : Attempt 5/10 failed with 1 errors and: operation error S3: ListObjects, exceeded maximum number of attempts, 10, https response error StatusCode: 0, RequestID: , HostID: , request send failed, Get "https://ecs.intesasanpaolo.com:9021/rndk0-prod-001-strg?delimiter=%2F&max-keys=1000&prefix=": URLBlocked
2025/04/14 14:44:03 ERROR : S3 bucket rndk0-prod-001-strg: error reading destination root directory: operation error S3: ListObjects, exceeded maximum number of attempts, 10, https response error StatusCode: 0, RequestID: , HostID: , request send failed, Get "https://ecs.intesasanpaolo.com:9021/rndk0-prod-001-strg?delimiter=%2F&max-keys=1000&prefix=": URLBlocked
2025/04/14 14:44:03 ERROR : S3 bucket rndk0-prod-001-strg: not deleting files as there were IO errors
2025/04/14 14:44:03 ERROR : S3 bucket rndk0-prod-001-strg: not deleting directories as there were IO errors
2025/04/14 14:44:03 ERROR : Attempt 6/10 failed with 1 errors and: operation error S3: ListObjects, exceeded maximum number of attempts, 10, https response error StatusCode: 0, RequestID: , HostID: , request send failed, Get "https://ecs.intesasanpaolo.com:9021/rndk0-prod-001-strg?delimiter=%2F&max-keys=1000&prefix=": URLBlocked
2025/04/14 14:45:54 ERROR : S3 bucket rndk0-prod-001-strg: error reading destination root directory: operation error S3: ListObjects, exceeded maximum number of attempts, 10, https response error StatusCode: 0, RequestID: , HostID: , request send failed, Get "https://ecs.intesasanpaolo.com:9021/rndk0-prod-001-strg?delimiter=%2F&max-keys=1000&prefix=": URLBlocked
2025/04/14 14:45:54 ERROR : S3 bucket rndk0-prod-001-strg: not deleting files as there were IO errors
2025/04/14 14:45:54 ERROR : S3 bucket rndk0-prod-001-strg: not deleting directories as there were IO errors
2025/04/14 14:45:54 ERROR : Attempt 7/10 failed with 1 errors and: operation error S3: ListObjects, exceeded maximum number of attempts, 10, https response error StatusCode: 0, RequestID: , HostID: , request send failed, Get "https://ecs.intesasanpaolo.com:9021/rndk0-prod-001-strg?delimiter=%2F&max-keys=1000&prefix=": URLBlocked
2025/04/14 14:47:39 ERROR : S3 bucket rndk0-prod-001-strg: error reading destination root directory: operation error S3: ListObjects, exceeded maximum number of attempts, 10, https response error StatusCode: 0, RequestID: , HostID: , request send failed, Get "https://ecs.intesasanpaolo.com:9021/rndk0-prod-001-strg?delimiter=%2F&max-keys=1000&prefix=": URLBlocked
2025/04/14 14:47:39 ERROR : S3 bucket rndk0-prod-001-strg: not deleting files as there were IO errors
2025/04/14 14:47:39 ERROR : S3 bucket rndk0-prod-001-strg: not deleting directories as there were IO errors
2025/04/14 14:47:39 ERROR : Attempt 8/10 failed with 1 errors and: operation error S3: ListObjects, exceeded maximum number of attempts, 10, https response error StatusCode: 0, RequestID: , HostID: , request send failed, Get "https://ecs.intesasanpaolo.com:9021/rndk0-prod-001-strg?delimiter=%2F&max-keys=1000&prefix=": URLBlocked
2025/04/14 14:49:41 ERROR : S3 bucket rndk0-prod-001-strg: error reading destination root directory: operation error S3: ListObjects, exceeded maximum number of attempts, 10, https response error StatusCode: 0, RequestID: , HostID: , request send failed, Get "https://ecs.intesasanpaolo.com:9021/rndk0-prod-001-strg?delimiter=%2F&max-keys=1000&prefix=": URLBlocked
2025/04/14 14:49:41 ERROR : S3 bucket rndk0-prod-001-strg: not deleting files as there were IO errors
2025/04/14 14:49:41 ERROR : S3 bucket rndk0-prod-001-strg: not deleting directories as there were IO errors
2025/04/14 14:49:41 ERROR : Attempt 9/10 failed with 1 errors and: operation error S3: ListObjects, exceeded maximum number of attempts, 10, https response error StatusCode: 0, RequestID: , HostID: , request send failed, Get "https://ecs.intesasanpaolo.com:9021/rndk0-prod-001-strg?delimiter=%2F&max-keys=1000&prefix=": URLBlocked
2025/04/14 14:51:31 ERROR : S3 bucket rndk0-prod-001-strg: error reading destination root directory: operation error S3: ListObjects, exceeded maximum number of attempts, 10, https response error StatusCode: 0, RequestID: , HostID: , request send failed, Get "https://ecs.intesasanpaolo.com:9021/rndk0-prod-001-strg?delimiter=%2F&max-keys=1000&prefix=": URLBlocked
2025/04/14 14:51:31 ERROR : S3 bucket rndk0-prod-001-strg: not deleting files as there were IO errors
2025/04/14 14:51:31 ERROR : S3 bucket rndk0-prod-001-strg: not deleting directories as there were IO errors
2025/04/14 14:51:31 ERROR : Attempt 10/10 failed with 1 errors and: operation error S3: ListObjects, exceeded maximum number of attempts, 10, https response error StatusCode: 0, RequestID: , HostID: , request send failed, Get "https://ecs.intesasanpaolo.com:9021/rndk0-prod-001-strg?delimiter=%2F&max-keys=1000&prefix=": URLBlocked
2025/04/14 14:51:31 INFO  : 
Transferred:   	          0 B / 0 B, -, 0 B/s, ETA -
Errors:                 1 (retrying may help)
Elapsed time:      19m5.7s

2025/04/14 14:51:31 NOTICE: Failed to sync: operation error S3: ListObjects, exceeded maximum number of attempts, 10, https response error StatusCode: 0, RequestID: , HostID: , request send failed, Get "https://ecs.intesasanpaolo.com:9021/rndk0-prod-001-strg?delimiter=%2F&max-keys=1000&prefix=": URLBlocked
